[debug] [2024-10-09T05:47:18.430Z] ----------------------------------------------------------------------
[debug] [2024-10-09T05:47:18.431Z] Command:       /usr/local/bin/node /usr/local/bin/firebase init
[debug] [2024-10-09T05:47:18.431Z] CLI Version:   13.22.0
[debug] [2024-10-09T05:47:18.431Z] Platform:      darwin
[debug] [2024-10-09T05:47:18.431Z] Node Version:  v18.20.4
[debug] [2024-10-09T05:47:18.433Z] Time:          Wed Oct 09 2024 07:47:18 GMT+0200 (Central European Summer Time)
[debug] [2024-10-09T05:47:18.433Z] ----------------------------------------------------------------------
[debug] 
[debug] [2024-10-09T05:47:18.434Z] >>> [apiv2][query] GET https://firebase-public.firebaseio.com/cli.json [none]
[debug] [2024-10-09T05:47:18.453Z] > command requires scopes: ["email","openid","https://www.googleapis.com/auth/cloudplatformprojects.readonly","https://www.googleapis.com/auth/firebase","https://www.googleapis.com/auth/cloud-platform"]
[debug] [2024-10-09T05:47:18.453Z] > authorizing via signed-in user (gustavkhicloud.com@gmail.com)
[info] 
     ######## #### ########  ######## ########     ###     ######  ########
     ##        ##  ##     ## ##       ##     ##  ##   ##  ##       ##
     ######    ##  ########  ######   ########  #########  ######  ######
     ##        ##  ##    ##  ##       ##     ## ##     ##       ## ##
     ##       #### ##     ## ######## ########  ##     ##  ######  ########

You're about to initialize a Firebase project in this directory:

  /Users/gustav/Desktop/Madplan-front-end-netcompany

[debug] [2024-10-09T05:47:24.786Z] <<< [apiv2][status] GET https://firebase-public.firebaseio.com/cli.json 200
[debug] [2024-10-09T05:47:24.787Z] <<< [apiv2][body] GET https://firebase-public.firebaseio.com/cli.json {"cloudBuildErrorAfter":1594252800000,"cloudBuildWarnAfter":1590019200000,"defaultNode10After":1594252800000,"minVersion":"3.0.5","node8DeploysDisabledAfter":1613390400000,"node8RuntimeDisabledAfter":1615809600000,"node8WarnAfter":1600128000000}
[info] 
=== Project Setup
[info] 
[info] First, let's associate this project directory with a Firebase project.
[info] You can create multiple project aliases by running firebase use --add, 
[info] but for now we'll just set up a default project.
[info] 
[debug] [2024-10-09T05:48:32.318Z] Checked if tokens are valid: false, expires at: 1725308628952
[debug] [2024-10-09T05:48:32.318Z] Checked if tokens are valid: false, expires at: 1725308628952
[debug] [2024-10-09T05:48:32.319Z] > refreshing access token with scopes: []
[debug] [2024-10-09T05:48:32.320Z] >>> [apiv2][query] POST https://www.googleapis.com/oauth2/v3/token [none]
[debug] [2024-10-09T05:48:32.320Z] >>> [apiv2][body] POST https://www.googleapis.com/oauth2/v3/token [omitted]
[debug] [2024-10-09T05:48:32.510Z] <<< [apiv2][status] POST https://www.googleapis.com/oauth2/v3/token 200
[debug] [2024-10-09T05:48:32.510Z] <<< [apiv2][body] POST https://www.googleapis.com/oauth2/v3/token [omitted]
[debug] [2024-10-09T05:48:32.522Z] >>> [apiv2][query] GET https://firebase.googleapis.com/v1beta1/projects pageSize=100
[debug] [2024-10-09T05:48:33.018Z] <<< [apiv2][status] GET https://firebase.googleapis.com/v1beta1/projects 200
[debug] [2024-10-09T05:48:33.019Z] <<< [apiv2][body] GET https://firebase.googleapis.com/v1beta1/projects [omitted]
[info] i  Using project madplan-63460 (madplan) 
[info] 
=== Hosting Setup
[debug] [2024-10-09T05:48:53.438Z] Checked if tokens are valid: true, expires at: 1728456511510
[debug] [2024-10-09T05:48:53.438Z] Checked if tokens are valid: true, expires at: 1728456511510
[debug] [2024-10-09T05:48:53.438Z] >>> [apiv2][query] GET https://firebase.googleapis.com/v1beta1/projects/madplan-63460 [none]
[debug] [2024-10-09T05:48:53.885Z] <<< [apiv2][status] GET https://firebase.googleapis.com/v1beta1/projects/madplan-63460 200
[debug] [2024-10-09T05:48:53.885Z] <<< [apiv2][body] GET https://firebase.googleapis.com/v1beta1/projects/madplan-63460 {"projectId":"madplan-63460","projectNumber":"880526207765","displayName":"madplan","name":"projects/madplan-63460","resources":{"hostingSite":"madplan-63460"},"state":"ACTIVE","etag":"1_89ca421b-3c08-43e0-8005-1f7233e05ff2"}
[info] 
[info] Your public directory is the folder (relative to your project directory) that
[info] will contain Hosting assets to be uploaded with firebase deploy. If you
[info] have a build process for your assets, use your build's output directory.
[info] 
[info] ✔  Wrote public/404.html 
[debug] [2024-10-09T05:49:23.793Z] >>> [apiv2][query] GET https://www.gstatic.com/firebasejs/releases.json [none]
[debug] [2024-10-09T05:49:24.134Z] <<< [apiv2][status] GET https://www.gstatic.com/firebasejs/releases.json 200
[debug] [2024-10-09T05:49:24.134Z] <<< [apiv2][body] GET https://www.gstatic.com/firebasejs/releases.json {"current":{"version":"10.14.0","browserURL":"https://www.gstatic.com/firebasejs/10.14.0/firebase.js","packageURL":"https://www.gstatic.com/firebasejs/10.14.0/firebase.tgz"},"live":{"version":"10.14","browserURL":"https://www.gstatic.com/firebasejs/live/10.14/firebase.js","packageURL":"https://www.gstatic.com/firebasejs/live/10.14/firebase.tgz"},"components":{"analytics":"https://www.gstatic.com/firebasejs/10.14.0/firebase-analytics.js","app":"https://www.gstatic.com/firebasejs/10.14.0/firebase-app.js","app-check":"https://www.gstatic.com/firebasejs/10.14.0/firebase-app-check.js","auth":"https://www.gstatic.com/firebasejs/10.14.0/firebase-auth.js","auth/cordova":"https://www.gstatic.com/firebasejs/10.14.0/firebase-auth/cordova.js","auth/web-extension":"https://www.gstatic.com/firebasejs/10.14.0/firebase-auth/web-extension.js","functions":"https://www.gstatic.com/firebasejs/10.14.0/firebase-functions.js","firestore":"https://www.gstatic.com/firebasejs/10.14.0/firebase-firestore.js","firestore/lite":"https://www.gstatic.com/firebasejs/10.14.0/firebase-firestore/lite.js","installations":"https://www.gstatic.com/firebasejs/10.14.0/firebase-installations.js","storage":"https://www.gstatic.com/firebasejs/10.14.0/firebase-storage.js","performance":"https://www.gstatic.com/firebasejs/10.14.0/firebase-performance.js","remote-config":"https://www.gstatic.com/firebasejs/10.14.0/firebase-remote-config.js","messaging":"https://www.gstatic.com/firebasejs/10.14.0/firebase-messaging.js","messaging/sw":"https://www.gstatic.com/firebasejs/10.14.0/firebase-messaging/sw.js","database":"https://www.gstatic.com/firebasejs/10.14.0/firebase-database.js","data-connect":"https://www.gstatic.com/firebasejs/10.14.0/firebase-data-connect.js","vertexai-preview":"https://www.gstatic.com/firebasejs/10.14.0/firebase-vertexai-preview.js","firestore.memory":"https://www.gstatic.com/firebasejs/10.14.0/firebase-firestore.memory.js"}}
[info] ✔  Wrote public/index.html 
[info] 
[info] i  Detected a .git folder at /Users/gustav/Desktop/Madplan-front-end-netcompany 
[info] i  Authorizing with GitHub to upload your service account to a GitHub repository's secrets store. 
[info] 
[info] Visit this URL on this device to log in:
[info] https://github.com/login/oauth/authorize?client_id=89cf50f02ac6aaed3484&state=1066420135&redirect_uri=http%3A%2F%2Flocalhost%3A9005&scope=read%3Auser%20repo%20public_repo
[info] 
[info] Waiting for authentication...
[debug] [2024-10-09T05:49:27.836Z] >>> [apiv2][query] POST https://github.com/login/oauth/access_token [none]
[debug] [2024-10-09T05:49:27.836Z] >>> [apiv2][body] POST https://github.com/login/oauth/access_token [stream]
[debug] [2024-10-09T05:49:28.158Z] <<< [apiv2][status] POST https://github.com/login/oauth/access_token 200
[debug] [2024-10-09T05:49:28.159Z] <<< [apiv2][body] POST https://github.com/login/oauth/access_token {"access_token":"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","token_type":"bearer","scope":"read:user,repo"}
[debug] [2024-10-09T05:49:28.164Z] >>> [apiv2][query] GET https://api.github.com/user [none]
[debug] [2024-10-09T05:49:28.495Z] <<< [apiv2][status] GET https://api.github.com/user 200
[debug] [2024-10-09T05:49:28.496Z] <<< [apiv2][body] GET https://api.github.com/user {"login":"gust4434","id":58422381,"node_id":"MDQ6VXNlcjU4NDIyMzgx","avatar_url":"https://avatars.githubusercontent.com/u/58422381?v=4","gravatar_id":"","url":"https://api.github.com/users/gust4434","html_url":"https://github.com/gust4434","followers_url":"https://api.github.com/users/gust4434/followers","following_url":"https://api.github.com/users/gust4434/following{/other_user}","gists_url":"https://api.github.com/users/gust4434/gists{/gist_id}","starred_url":"https://api.github.com/users/gust4434/starred{/owner}{/repo}","subscriptions_url":"https://api.github.com/users/gust4434/subscriptions","organizations_url":"https://api.github.com/users/gust4434/orgs","repos_url":"https://api.github.com/users/gust4434/repos","events_url":"https://api.github.com/users/gust4434/events{/privacy}","received_events_url":"https://api.github.com/users/gust4434/received_events","type":"User","site_admin":false,"name":"Gustav Rene Krag-Hansen","company":null,"blog":"","location":null,"email":null,"hireable":null,"bio":null,"twitter_username":null,"notification_email":null,"public_repos":0,"public_gists":0,"followers":0,"following":0,"created_at":"2019-12-02T09:57:50Z","updated_at":"2024-10-09T05:24:58Z","private_gists":0,"total_private_repos":12,"owned_private_repos":12,"disk_usage":96966,"collaborators":0,"two_factor_authentication":true,"plan":{"name":"pro","space":976562499,"collaborators":0,"private_repos":9999}}
[info] 
[info] ✔  Success! Logged into GitHub as gust4434 
[info] 
[debug] [2024-10-09T05:49:51.104Z] >>> [apiv2][query] GET https://api.github.com/repos/https://github.com/gust4434/madplan-web-prod/tree/main/actions/secrets/public-key type=owner
[debug] [2024-10-09T05:49:51.446Z] <<< [apiv2][status] GET https://api.github.com/repos/https://github.com/gust4434/madplan-web-prod/tree/main/actions/secrets/public-key 404
[debug] [2024-10-09T05:49:51.446Z] <<< [apiv2][body] GET https://api.github.com/repos/https://github.com/gust4434/madplan-web-prod/tree/main/actions/secrets/public-key {"message":"Not Found","documentation_url":"https://docs.github.com/rest","status":"404"}
[info] 
[info] 
[error] ⚠  The provided authorization cannot be used with this repository. If this repository is in an organization, did you remember to grant access? 
[info] 
[info] i  Action required: Visit this URL to ensure access has been granted to the appropriate organization(s) for the Firebase CLI GitHub OAuth App: 
[info] https://github.com/settings/connections/applications/89cf50f02ac6aaed3484
[info] 
[debug] [2024-10-09T05:50:32.454Z] >>> [apiv2][query] GET https://api.github.com/repos/https://github.com/gust4434/madplan-web-prod.git/actions/secrets/public-key type=owner
[debug] [2024-10-09T05:50:32.789Z] <<< [apiv2][status] GET https://api.github.com/repos/https://github.com/gust4434/madplan-web-prod.git/actions/secrets/public-key 404
[debug] [2024-10-09T05:50:32.790Z] <<< [apiv2][body] GET https://api.github.com/repos/https://github.com/gust4434/madplan-web-prod.git/actions/secrets/public-key {"message":"Not Found","documentation_url":"https://docs.github.com/rest","status":"404"}
[info] 
[info] 
[error] ⚠  The provided authorization cannot be used with this repository. If this repository is in an organization, did you remember to grant access? 
[info] 
[info] i  Action required: Visit this URL to ensure access has been granted to the appropriate organization(s) for the Firebase CLI GitHub OAuth App: 
[info] https://github.com/settings/connections/applications/89cf50f02ac6aaed3484
[info] 
[debug] [2024-10-09T05:51:29.102Z] >>> [apiv2][query] GET https://api.github.com/repos/https://github.com/gust4434/madplan-web-prod.git/actions/secrets/public-key type=owner
[debug] [2024-10-09T05:51:29.358Z] <<< [apiv2][status] GET https://api.github.com/repos/https://github.com/gust4434/madplan-web-prod.git/actions/secrets/public-key 404
[debug] [2024-10-09T05:51:29.358Z] <<< [apiv2][body] GET https://api.github.com/repos/https://github.com/gust4434/madplan-web-prod.git/actions/secrets/public-key {"message":"Not Found","documentation_url":"https://docs.github.com/rest","status":"404"}
[info] 
[info] 
[error] ⚠  The provided authorization cannot be used with this repository. If this repository is in an organization, did you remember to grant access? 
[info] 
[info] i  Action required: Visit this URL to ensure access has been granted to the appropriate organization(s) for the Firebase CLI GitHub OAuth App: 
[info] https://github.com/settings/connections/applications/89cf50f02ac6aaed3484
[info] 
[debug] [2024-10-09T05:51:57.592Z] >>> [apiv2][query] GET https://api.github.com/repos/https://github.com/gust4434/madplan-web-prod.git/actions/secrets/public-key type=owner
[debug] [2024-10-09T05:51:57.875Z] <<< [apiv2][status] GET https://api.github.com/repos/https://github.com/gust4434/madplan-web-prod.git/actions/secrets/public-key 404
[debug] [2024-10-09T05:51:57.875Z] <<< [apiv2][body] GET https://api.github.com/repos/https://github.com/gust4434/madplan-web-prod.git/actions/secrets/public-key {"message":"Not Found","documentation_url":"https://docs.github.com/rest","status":"404"}
[info] 
[info] 
[error] ⚠  The provided authorization cannot be used with this repository. If this repository is in an organization, did you remember to grant access? 
[info] 
[info] i  Action required: Visit this URL to ensure access has been granted to the appropriate organization(s) for the Firebase CLI GitHub OAuth App: 
[info] https://github.com/settings/connections/applications/89cf50f02ac6aaed3484
[info] 
[debug] [2024-10-09T05:51:59.721Z] >>> [apiv2][query] GET https://api.github.com/repos/https://github.com/gust4434/madplan-web-prod.git/actions/secrets/public-key type=owner
[debug] [2024-10-09T05:52:00.504Z] <<< [apiv2][status] GET https://api.github.com/repos/https://github.com/gust4434/madplan-web-prod.git/actions/secrets/public-key 404
[debug] [2024-10-09T05:52:00.504Z] <<< [apiv2][body] GET https://api.github.com/repos/https://github.com/gust4434/madplan-web-prod.git/actions/secrets/public-key {"message":"Not Found","documentation_url":"https://docs.github.com/rest","status":"404"}
[info] 
[info] 
[error] ⚠  The provided authorization cannot be used with this repository. If this repository is in an organization, did you remember to grant access? 
[info] 
[info] i  Action required: Visit this URL to ensure access has been granted to the appropriate organization(s) for the Firebase CLI GitHub OAuth App: 
[info] https://github.com/settings/connections/applications/89cf50f02ac6aaed3484
[info] 
[debug] [2024-10-09T05:52:02.766Z] >>> [apiv2][query] GET https://api.github.com/repos/https://github.com/gust4434/madplan-web-prod.git/actions/secrets/public-key type=owner
[debug] [2024-10-09T05:52:03.245Z] <<< [apiv2][status] GET https://api.github.com/repos/https://github.com/gust4434/madplan-web-prod.git/actions/secrets/public-key 404
[debug] [2024-10-09T05:52:03.246Z] <<< [apiv2][body] GET https://api.github.com/repos/https://github.com/gust4434/madplan-web-prod.git/actions/secrets/public-key {"message":"Not Found","documentation_url":"https://docs.github.com/rest","status":"404"}
[info] 
[info] 
[error] ⚠  The provided authorization cannot be used with this repository. If this repository is in an organization, did you remember to grant access? 
[info] 
[info] i  Action required: Visit this URL to ensure access has been granted to the appropriate organization(s) for the Firebase CLI GitHub OAuth App: 
[info] https://github.com/settings/connections/applications/89cf50f02ac6aaed3484
[info] 
[debug] [2024-10-09T05:52:40.413Z] >>> [apiv2][query] GET https://api.github.com/repos/https://github.com/gust4434/madplan-web-prod./actions/secrets/public-key type=owner
[debug] [2024-10-09T05:52:40.704Z] <<< [apiv2][status] GET https://api.github.com/repos/https://github.com/gust4434/madplan-web-prod./actions/secrets/public-key 404
[debug] [2024-10-09T05:52:40.704Z] <<< [apiv2][body] GET https://api.github.com/repos/https://github.com/gust4434/madplan-web-prod./actions/secrets/public-key {"message":"Not Found","documentation_url":"https://docs.github.com/rest","status":"404"}
[info] 
[info] 
[error] ⚠  The provided authorization cannot be used with this repository. If this repository is in an organization, did you remember to grant access? 
[info] 
[info] i  Action required: Visit this URL to ensure access has been granted to the appropriate organization(s) for the Firebase CLI GitHub OAuth App: 
[info] https://github.com/settings/connections/applications/89cf50f02ac6aaed3484
[info] 
[debug] [2024-10-09T05:52:51.330Z] >>> [apiv2][query] GET https://api.github.com/repos/https://github.com/gust4434/madplan-web-prod.git/actions/secrets/public-key type=owner
[debug] [2024-10-09T05:52:51.657Z] <<< [apiv2][status] GET https://api.github.com/repos/https://github.com/gust4434/madplan-web-prod.git/actions/secrets/public-key 404
[debug] [2024-10-09T05:52:51.657Z] <<< [apiv2][body] GET https://api.github.com/repos/https://github.com/gust4434/madplan-web-prod.git/actions/secrets/public-key {"message":"Not Found","documentation_url":"https://docs.github.com/rest","status":"404"}
[info] 
[info] 
[error] ⚠  The provided authorization cannot be used with this repository. If this repository is in an organization, did you remember to grant access? 
[info] 
[info] i  Action required: Visit this URL to ensure access has been granted to the appropriate organization(s) for the Firebase CLI GitHub OAuth App: 
[info] https://github.com/settings/connections/applications/89cf50f02ac6aaed3484
[info] 
[debug] [2024-10-09T05:52:51.777Z] >>> [apiv2][query] GET https://api.github.com/repos/https://github.com/gust4434/madplan-web-prod.git/actions/secrets/public-key type=owner
[debug] [2024-10-09T05:52:52.053Z] <<< [apiv2][status] GET https://api.github.com/repos/https://github.com/gust4434/madplan-web-prod.git/actions/secrets/public-key 404
[debug] [2024-10-09T05:52:52.054Z] <<< [apiv2][body] GET https://api.github.com/repos/https://github.com/gust4434/madplan-web-prod.git/actions/secrets/public-key {"message":"Not Found","documentation_url":"https://docs.github.com/rest","status":"404"}
[info] 
[info] 
[error] ⚠  The provided authorization cannot be used with this repository. If this repository is in an organization, did you remember to grant access? 
[info] 
[info] i  Action required: Visit this URL to ensure access has been granted to the appropriate organization(s) for the Firebase CLI GitHub OAuth App: 
[info] https://github.com/settings/connections/applications/89cf50f02ac6aaed3484
[info] 
[debug] [2024-10-09T05:52:54.429Z] >>> [apiv2][query] GET https://api.github.com/repos/https://github.com/gust4434/madplan-web-prod.git/actions/secrets/public-key type=owner
[debug] [2024-10-09T05:52:54.628Z] >>> [apiv2][query] GET https://api.github.com/repos//actions/secrets/public-key type=owner
[debug] [2024-10-09T05:52:54.775Z] <<< [apiv2][status] GET https://api.github.com/repos/https://github.com/gust4434/madplan-web-prod.git/actions/secrets/public-key 404
[debug] [2024-10-09T05:52:54.775Z] <<< [apiv2][body] GET https://api.github.com/repos/https://github.com/gust4434/madplan-web-prod.git/actions/secrets/public-key {"message":"Not Found","documentation_url":"https://docs.github.com/rest","status":"404"}
[info] 
[info] 
[error] ⚠  The provided authorization cannot be used with this repository. If this repository is in an organization, did you remember to grant access? 
[info] 
[info] i  Action required: Visit this URL to ensure access has been granted to the appropriate organization(s) for the Firebase CLI GitHub OAuth App: 
[info] https://github.com/settings/connections/applications/89cf50f02ac6aaed3484
[info] 
[debug] [2024-10-09T05:52:54.922Z] <<< [apiv2][status] GET https://api.github.com/repos//actions/secrets/public-key 404
[debug] [2024-10-09T05:52:54.923Z] <<< [apiv2][body] GET https://api.github.com/repos//actions/secrets/public-key {"message":"Not Found","documentation_url":"https://docs.github.com/rest","status":"404"}
[info] 
[info] 
[error] ⚠  The provided authorization cannot be used with this repository. If this repository is in an organization, did you remember to grant access? 
[info] 
[info] i  Action required: Visit this URL to ensure access has been granted to the appropriate organization(s) for the Firebase CLI GitHub OAuth App: 
[info] https://github.com/settings/connections/applications/89cf50f02ac6aaed3484
[info] 
[debug] [2024-10-09T05:52:57.802Z] >>> [apiv2][query] GET https://api.github.com/repos/https://github.com/gust4434/madplan-web-prod.git/actions/secrets/public-key type=owner
[debug] [2024-10-09T05:52:58.081Z] <<< [apiv2][status] GET https://api.github.com/repos/https://github.com/gust4434/madplan-web-prod.git/actions/secrets/public-key 404
[debug] [2024-10-09T05:52:58.082Z] <<< [apiv2][body] GET https://api.github.com/repos/https://github.com/gust4434/madplan-web-prod.git/actions/secrets/public-key {"message":"Not Found","documentation_url":"https://docs.github.com/rest","status":"404"}
[info] 
[info] 
[error] ⚠  The provided authorization cannot be used with this repository. If this repository is in an organization, did you remember to grant access? 
[info] 
[info] i  Action required: Visit this URL to ensure access has been granted to the appropriate organization(s) for the Firebase CLI GitHub OAuth App: 
[info] https://github.com/settings/connections/applications/89cf50f02ac6aaed3484
[info] 
